2015-11-10 15:26:56 10fc InnoDB: Warning: Using innodb_additional_mem_pool_size is DEPRECATED. This option may be removed in future releases, together with the option innodb_use_sys_malloc and with the InnoDB's internal memory allocator.
2015-11-10 15:26:56 4348 [Note] InnoDB: Using mutexes to ref count buffer pool pages
2015-11-10 15:26:56 4348 [Note] InnoDB: The InnoDB memory heap is disabled
2015-11-10 15:26:56 4348 [Note] InnoDB: Mutexes and rw_locks use Windows interlocked functions
2015-11-10 15:26:56 4348 [Note] InnoDB: Memory barrier is not used
2015-11-10 15:26:56 4348 [Note] InnoDB: Compressed tables use zlib 1.2.3
2015-11-10 15:26:56 4348 [Note] InnoDB: Not using CPU crc32 instructions
2015-11-10 15:26:56 4348 [Note] InnoDB: Initializing buffer pool, size = 16.0M
2015-11-10 15:26:56 4348 [Note] InnoDB: Completed initialization of buffer pool
2015-11-10 15:26:56 4348 [Note] InnoDB: Highest supported file format is Barracuda.
2015-11-10 15:26:57 4348 [Note] InnoDB: 128 rollback segment(s) are active.
2015-11-10 15:26:57 4348 [Note] InnoDB: Waiting for purge to start
2015-11-10 15:26:57 4348 [Note] InnoDB:  Percona XtraDB (http://www.percona.com) 5.6.26-74.0 started; log sequence number 1835027
2015-11-10 15:26:57 6140 [Note] InnoDB: Dumping buffer pool(s) not yet started
2015-11-10 15:26:57 4348 [Note] Plugin 'FEEDBACK' is disabled.
2015-11-10 15:26:57 4348 [Note] Server socket created on IP: '::'.
2015-11-10 15:26:57 4348 [Note] Event Scheduler: Loaded 0 events
2015-11-10 15:26:57 4348 [Note] C:\xampp\mysql\bin\mysqld.exe: ready for connections.
Version: '10.1.8-MariaDB'  socket: ''  port: 3306  mariadb.org binary distribution
2015-11-10 15:27:11 5152 [Note] C:\xampp\mysql\bin\mysqld.exe: Normal shutdown

2015-11-10 15:27:11 5152 [Note] Event Scheduler: Purging the queue. 0 events
2015-11-10 15:27:11 5732 [Note] InnoDB: FTS optimize thread exiting.
2015-11-10 15:27:11 5152 [Note] InnoDB: Starting shutdown...
2015-11-10 15:27:13 5152 [Note] InnoDB: Shutdown completed; log sequence number 1835037
2015-11-10 15:27:13 5152 [Note] C:\xampp\mysql\bin\mysqld.exe: Shutdown complete

2018-12-16 20:53:51 12524 InnoDB: Warning: Using innodb_additional_mem_pool_size is DEPRECATED. This option may be removed in future releases, together with the option innodb_use_sys_malloc and with the InnoDB's internal memory allocator.
2018-12-16 20:53:51 75044 [Note] InnoDB: innodb_empty_free_list_algorithm has been changed to legacy because of small buffer pool size. In order to use backoff, increase buffer pool at least up to 20MB.

2018-12-16 20:53:51 75044 [Note] InnoDB: Using mutexes to ref count buffer pool pages
2018-12-16 20:53:51 75044 [Note] InnoDB: The InnoDB memory heap is disabled
2018-12-16 20:53:51 75044 [Note] InnoDB: Mutexes and rw_locks use Windows interlocked functions
2018-12-16 20:53:51 75044 [Note] InnoDB: _mm_lfence() and _mm_sfence() are used for memory barrier
2018-12-16 20:53:51 75044 [Note] InnoDB: Compressed tables use zlib 1.2.11
2018-12-16 20:53:51 75044 [Note] InnoDB: Using generic crc32 instructions
2018-12-16 20:53:51 75044 [Note] InnoDB: Initializing buffer pool, size = 16.0M
2018-12-16 20:53:51 75044 [Note] InnoDB: Completed initialization of buffer pool
2018-12-16 20:53:51 75044 [Note] InnoDB: Highest supported file format is Barracuda.
2018-12-16 20:53:57 75044 [Note] InnoDB: 128 rollback segment(s) are active.
2018-12-16 20:53:57 75044 [Note] InnoDB: Waiting for purge to start
2018-12-16 20:53:57 75044 [Note] InnoDB:  Percona XtraDB (http://www.percona.com) 5.6.41-84.1 started; log sequence number 1835037
2018-12-16 20:53:58 75484 [Note] InnoDB: Dumping buffer pool(s) not yet started
2018-12-16 20:53:58 75044 [Note] Plugin 'FEEDBACK' is disabled.
2018-12-16 20:53:58 75044 [Note] Server socket created on IP: '::'.
2018-12-16 20:53:58 75044 [Note] c:\xampp\mysql\bin\mysqld.exe: ready for connections.
Version: '10.1.37-MariaDB'  socket: ''  port: 3306  mariadb.org binary distribution
2018-12-16 21:09:50 1840 InnoDB: Warning: Using innodb_additional_mem_pool_size is DEPRECATED. This option may be removed in future releases, together with the option innodb_use_sys_malloc and with the InnoDB's internal memory allocator.
2018-12-16 21:09:50 6208 [Note] InnoDB: innodb_empty_free_list_algorithm has been changed to legacy because of small buffer pool size. In order to use backoff, increase buffer pool at least up to 20MB.

2018-12-16 21:09:50 6208 [Note] InnoDB: Using mutexes to ref count buffer pool pages
2018-12-16 21:09:50 6208 [Note] InnoDB: The InnoDB memory heap is disabled
2018-12-16 21:09:50 6208 [Note] InnoDB: Mutexes and rw_locks use Windows interlocked functions
2018-12-16 21:09:50 6208 [Note] InnoDB: _mm_lfence() and _mm_sfence() are used for memory barrier
2018-12-16 21:09:50 6208 [Note] InnoDB: Compressed tables use zlib 1.2.11
2018-12-16 21:09:50 6208 [Note] InnoDB: Using generic crc32 instructions
2018-12-16 21:09:50 6208 [Note] InnoDB: Initializing buffer pool, size = 16.0M
2018-12-16 21:09:50 6208 [Note] InnoDB: Completed initialization of buffer pool
2018-12-16 21:09:51 6208 [Note] InnoDB: Highest supported file format is Barracuda.
2018-12-16 21:09:51 6208 [Note] InnoDB: The log sequence number 1835037 in ibdata file do not match the log sequence number 1835047 in the ib_logfiles!
2018-12-16 21:09:54 6208 [Note] InnoDB: Restoring possible half-written data pages from the doublewrite buffer...
2018-12-16 21:09:58 6208 [Note] InnoDB: 128 rollback segment(s) are active.
2018-12-16 21:09:58 6208 [Note] InnoDB: Waiting for purge to start
2018-12-16 21:09:59 6208 [Note] InnoDB:  Percona XtraDB (http://www.percona.com) 5.6.41-84.1 started; log sequence number 1835047
2018-12-16 21:09:59 75440 [Note] InnoDB: Dumping buffer pool(s) not yet started
2018-12-16 21:09:59 6208 [Note] Plugin 'FEEDBACK' is disabled.
2018-12-16 21:09:59 6208 [Note] Server socket created on IP: '::'.
2018-12-16 21:09:59 6208 [Note] c:\xampp\mysql\bin\mysqld.exe: ready for connections.
Version: '10.1.37-MariaDB'  socket: ''  port: 3306  mariadb.org binary distribution
2018-12-16 21:25:58 350c InnoDB: Warning: Using innodb_additional_mem_pool_size is DEPRECATED. This option may be removed in future releases, together with the option innodb_use_sys_malloc and with the InnoDB's internal memory allocator.
2018-12-16 21:25:58 13580 [Note] InnoDB: innodb_empty_free_list_algorithm has been changed to legacy because of small buffer pool size. In order to use backoff, increase buffer pool at least up to 20MB.

2018-12-16 21:25:58 13580 [Note] InnoDB: Using mutexes to ref count buffer pool pages
2018-12-16 21:25:58 13580 [Note] InnoDB: The InnoDB memory heap is disabled
2018-12-16 21:25:58 13580 [Note] InnoDB: Mutexes and rw_locks use Windows interlocked functions
2018-12-16 21:25:58 13580 [Note] InnoDB: _mm_lfence() and _mm_sfence() are used for memory barrier
2018-12-16 21:25:58 13580 [Note] InnoDB: Compressed tables use zlib 1.2.11
2018-12-16 21:25:58 13580 [Note] InnoDB: Using generic crc32 instructions
2018-12-16 21:25:58 13580 [Note] InnoDB: Initializing buffer pool, size = 16.0M
2018-12-16 21:25:58 13580 [Note] InnoDB: Completed initialization of buffer pool
2018-12-16 21:25:58 13580 [Note] InnoDB: Highest supported file format is Barracuda.
2018-12-16 21:25:58 13580 [Note] InnoDB: The log sequence number 1835037 in ibdata file do not match the log sequence number 1835057 in the ib_logfiles!
2018-12-16 21:25:58 13580 [Note] InnoDB: Restoring possible half-written data pages from the doublewrite buffer...
2018-12-16 21:26:02 13580 [Note] InnoDB: 128 rollback segment(s) are active.
2018-12-16 21:26:02 13580 [Note] InnoDB: Waiting for purge to start
2018-12-16 21:26:02 13580 [Note] InnoDB:  Percona XtraDB (http://www.percona.com) 5.6.41-84.1 started; log sequence number 1835057
2018-12-16 21:26:02 77500 [Note] InnoDB: Dumping buffer pool(s) not yet started
2018-12-16 21:26:02 13580 [Note] Plugin 'FEEDBACK' is disabled.
2018-12-16 21:26:02 13580 [Note] Server socket created on IP: '::'.
2018-12-16 21:26:03 13580 [Note] c:\xampp\mysql\bin\mysqld.exe: ready for connections.
Version: '10.1.37-MariaDB'  socket: ''  port: 3306  mariadb.org binary distribution
2018-12-17 08:27:29 12fcc InnoDB: Warning: Using innodb_additional_mem_pool_size is DEPRECATED. This option may be removed in future releases, together with the option innodb_use_sys_malloc and with the InnoDB's internal memory allocator.
2018-12-17  8:27:29 77772 [Note] InnoDB: innodb_empty_free_list_algorithm has been changed to legacy because of small buffer pool size. In order to use backoff, increase buffer pool at least up to 20MB.

2018-12-17  8:27:29 77772 [Note] InnoDB: Using mutexes to ref count buffer pool pages
2018-12-17  8:27:29 77772 [Note] InnoDB: The InnoDB memory heap is disabled
2018-12-17  8:27:29 77772 [Note] InnoDB: Mutexes and rw_locks use Windows interlocked functions
2018-12-17  8:27:29 77772 [Note] InnoDB: _mm_lfence() and _mm_sfence() are used for memory barrier
2018-12-17  8:27:29 77772 [Note] InnoDB: Compressed tables use zlib 1.2.11
2018-12-17  8:27:29 77772 [Note] InnoDB: Using generic crc32 instructions
2018-12-17  8:27:29 77772 [Note] InnoDB: Initializing buffer pool, size = 16.0M
2018-12-17  8:27:29 77772 [Note] InnoDB: Completed initialization of buffer pool
2018-12-17  8:27:30 77772 [Note] InnoDB: Highest supported file format is Barracuda.
2018-12-17  8:27:30 77772 [Note] InnoDB: The log sequence number 1835037 in ibdata file do not match the log sequence number 1835067 in the ib_logfiles!
2018-12-17  8:27:31 77772 [Note] InnoDB: Restoring possible half-written data pages from the doublewrite buffer...
2018-12-17  8:27:32 77772 [Note] InnoDB: 128 rollback segment(s) are active.
2018-12-17  8:27:32 77772 [Note] InnoDB: Waiting for purge to start
2018-12-17  8:27:32 77772 [Note] InnoDB:  Percona XtraDB (http://www.percona.com) 5.6.41-84.1 started; log sequence number 1835067
2018-12-17  8:27:32 75544 [Note] InnoDB: Dumping buffer pool(s) not yet started
2018-12-17  8:27:32 77772 [Note] Plugin 'FEEDBACK' is disabled.
2018-12-17  8:27:32 77772 [Note] Server socket created on IP: '::'.
2018-12-17  8:27:33 77772 [Note] c:\xampp\mysql\bin\mysqld.exe: ready for connections.
Version: '10.1.37-MariaDB'  socket: ''  port: 3306  mariadb.org binary distribution
2018-12-17 09:48:10 12efc InnoDB: Warning: Using innodb_additional_mem_pool_size is DEPRECATED. This option may be removed in future releases, together with the option innodb_use_sys_malloc and with the InnoDB's internal memory allocator.
2018-12-17  9:48:10 77564 [Note] InnoDB: innodb_empty_free_list_algorithm has been changed to legacy because of small buffer pool size. In order to use backoff, increase buffer pool at least up to 20MB.

2018-12-17  9:48:10 77564 [Note] InnoDB: Using mutexes to ref count buffer pool pages
2018-12-17  9:48:10 77564 [Note] InnoDB: The InnoDB memory heap is disabled
2018-12-17  9:48:10 77564 [Note] InnoDB: Mutexes and rw_locks use Windows interlocked functions
2018-12-17  9:48:10 77564 [Note] InnoDB: _mm_lfence() and _mm_sfence() are used for memory barrier
2018-12-17  9:48:10 77564 [Note] InnoDB: Compressed tables use zlib 1.2.11
2018-12-17  9:48:10 77564 [Note] InnoDB: Using generic crc32 instructions
2018-12-17  9:48:10 77564 [Note] InnoDB: Initializing buffer pool, size = 16.0M
2018-12-17  9:48:10 77564 [Note] InnoDB: Completed initialization of buffer pool
2018-12-17  9:48:10 77564 [Note] InnoDB: Highest supported file format is Barracuda.
2018-12-17  9:48:10 77564 [Note] InnoDB: The log sequence number 1835037 in ibdata file do not match the log sequence number 1835077 in the ib_logfiles!
2018-12-17  9:48:12 77564 [Note] InnoDB: Restoring possible half-written data pages from the doublewrite buffer...
2018-12-17  9:48:15 77564 [Note] InnoDB: 128 rollback segment(s) are active.
2018-12-17  9:48:15 77564 [Note] InnoDB: Waiting for purge to start
2018-12-17  9:48:15 77564 [Note] InnoDB:  Percona XtraDB (http://www.percona.com) 5.6.41-84.1 started; log sequence number 1835077
2018-12-17  9:48:15 80768 [Note] InnoDB: Dumping buffer pool(s) not yet started
2018-12-17  9:48:15 77564 [Note] Plugin 'FEEDBACK' is disabled.
2018-12-17  9:48:16 77564 [Note] Server socket created on IP: '::'.
2018-12-17  9:48:17 77564 [Note] c:\xampp\mysql\bin\mysqld.exe: ready for connections.
Version: '10.1.37-MariaDB'  socket: ''  port: 3306  mariadb.org binary distribution
